<?xml version="1.0" encoding="UTF-8"?>
<!-- Generated by org.testng.reporters.JUnitXMLReporter -->
<testsuite ignored="0" hostname="DESKTOP-8F6G1IS" failures="0" tests="3" name="Default test" time="4.66" errors="0" timestamp="2025-02-27T14:56:19 CST">
  <testcase classname="automation.testsuite.TS_PracticeLocateElement" name="locateById" time="0.028"/>
  <testcase classname="automation.testsuite.TS_PracticeLocateElement" name="locateByName" time="0.009"/>
  <testcase classname="automation.testsuite.TS_PracticeLocateElement" name="locateByTagName" time="0.01"/>
</testsuite> <!-- Default test -->
